make all --print-data-base --no-builtin-variables --no-builtin-rules --question
Makefile:3: *** missing separator.  Stop.
 
# GNU Make 4.1
# Built for x86_64-pc-linux-gnu
# Copyright (C) 1988-2014 Free Software Foundation, Inc.
# License GPLv3+: GNU GPL version 3 or later <http://gnu.org/licenses/gpl.html>
# This is free software: you are free to change and redistribute it.
# There is NO WARRANTY, to the extent permitted by law.

# Make data base, printed on Mon Jul  5 15:02:11 2021

# Variables

# automatic
<D = $(patsubst %/,%,$(dir $<))
# automatic
?F = $(notdir $?)
# environment
DESKTOP_SESSION = unity
# default
.SHELLFLAGS := -c
# environment
XDG_SESSION_TYPE = x11
# environment
VSCODE_LOG_NATIVE = false
# automatic
?D = $(patsubst %/,%,$(dir $?))
# automatic
@D = $(patsubst %/,%,$(dir $@))
# environment
XAUTHORITY = /home/gnomy/.Xauthority
# environment
GDMSESSION = unity
# environment
XMODIFIERS = @im=ibus
# makefile
CURDIR := /home/gnomy/repos/TheSpaceStation
# makefile
SHELL = /bin/sh
# environment
GDM_LANG = en_US
# environment
VSCODE_NLS_CONFIG = {"locale":"en-us","availableLanguages":{},"_languagePackSupport":true}
# environment
_ = /usr/share/code/code
# environment
JOURNAL_STREAM = 9:42097
# environment
XDG_CONFIG_DIRS = /etc/xdg/xdg-unity:/etc/xdg
# makefile (from 'Makefile', line 1)
MAKEFILE_LIST :=  Makefile
# automatic
@F = $(notdir $@)
# environment
GIO_LAUNCHED_DESKTOP_FILE = /usr/share/applications/code.desktop
# environment
GNUMAKEFLAGS := 
# environment
MANDATORY_PATH = /usr/share/gconf/unity.mandatory.path
# environment
XDG_DATA_DIRS = /usr/share/unity:/usr/local/share:/usr/share:/var/lib/snapd/desktop
# environment
DBUS_SESSION_BUS_ADDRESS = unix:path=/run/user/1000/bus
# environment
VSCODE_VERBOSE_LOGGING = true
# environment
UNITY_DEFAULT_PROFILE = unity
# environment
CLUTTER_IM_MODULE = xim
# environment
LESSOPEN = | /usr/bin/lesspipe %s
# environment
VSCODE_CWD = /home/gnomy
# environment
XDG_SESSION_PATH = /org/freedesktop/DisplayManager/Session0
# default
MAKE_HOST := x86_64-pc-linux-gnu
# environment
PATH = /home/gnomy/anaconda3/bin:/home/gnomy/anaconda3/condabin:/usr/local/sbin:/usr/local/bin:/usr/sbin:/usr/bin:/sbin:/bin:/usr/games:/usr/local/games:/snap/bin
# environment
UNITY_HAS_3D_SUPPORT = true
# environment
GPG_AGENT_INFO = /run/user/1000/gnupg/S.gpg-agent:0:1
# environment
SESSION_MANAGER = local/thinkpad:@/tmp/.ICE-unix/2447,unix/thinkpad:/tmp/.ICE-unix/2447
# environment
XDG_RUNTIME_DIR = /run/user/1000
# environment
SSH_AGENT_LAUNCHER = gnome-keyring
# environment
TEXTDOMAIN = im-config
# environment
CONDA_PREFIX = /home/gnomy/anaconda3
# environment
XDG_MENU_PREFIX = gnome-
# environment
VSCODE_LOG_STACK = false
# environment
VSCODE_CRASH_REPORTER_START_OPTIONS = {"companyName":"Microsoft","productName":"VSCode","submitURL":"appcenter://code?aid=fba07a4d-84bd-4fc8-a125-9640fc8ce171&uid=fc209aa8-88d4-4b81-8200-072983108eb2&iid=fc209aa8-88d4-4b81-8200-072983108eb2&sid=fc209aa8-88d4-4b81-8200-072983108eb2","uploadToServer":true}
# environment
INVOCATION_ID = 8fae559fcdf4469a96c4bffe806fe351
# default
.FEATURES := target-specific order-only second-expansion else-if shortest-stem undefine oneshell archives jobserver output-sync check-symlink load
# environment
XDG_GREETER_DATA_DIR = /var/lib/lightdm-data/gnomy
# environment
LS_COLORS = 
# environment
XDG_SESSION_DESKTOP = unity
# environment
SSH_AUTH_SOCK = /run/user/1000/keyring/ssh
# environment
GIO_LAUNCHED_DESKTOP_FILE_PID = 10054
# automatic
%F = $(notdir $%)
# environment
DISPLAY = :0
# environment
CONDA_EXE = /home/gnomy/anaconda3/bin/conda
# environment
LD_PRELOAD = libgtk3-nocsd.so.0
# environment
GTK_IM_MODULE = ibus
# environment
GNOME_SESSION_XDG_SESSION_PATH = /org/freedesktop/DisplayManager/Session0
# environment
PWD = /home/gnomy/repos/TheSpaceStation
# environment
ORIGINAL_XDG_CURRENT_DESKTOP = Unity:Unity7:ubuntu
# environment
GTK_MODULES = gail:atk-bridge:unity-gtk-module
# environment
VSCODE_AMD_ENTRYPOINT = vs/workbench/services/extensions/node/extensionHostProcess
# environment
HOME = /home/gnomy
# automatic
+D = $(patsubst %/,%,$(dir $+))
# environment
LESSCLOSE = /usr/bin/lesspipe %s %s
# environment
LOGNAME = gnomy
# environment
APPLICATION_INSIGHTS_NO_DIAGNOSTIC_CHANNEL = true
# environment
CONDA_PROMPT_MODIFIER = (base) 
# environment
VSCODE_HANDLES_UNCAUGHT_ERRORS = true
# environment
GNOME_DESKTOP_SESSION_ID = this-is-deprecated
# automatic
^D = $(patsubst %/,%,$(dir $^))
# environment
MAKELEVEL := 0
# environment
CONDA_DEFAULT_ENV = base
# default
MAKE = $(MAKE_COMMAND)
# default
MAKECMDGOALS := all
# environment
QT_IM_MODULE = ibus
# environment
SHLVL = 2
# environment
IM_CONFIG_PHASE = 2
# environment
VSCODE_IPC_HOOK_EXTHOST = /run/user/1000/vscode-ipc-f0ced3e3-c87c-40c2-b699-d0534fec7f42.sock
# environment
COMPIZ_CONFIG_PROFILE = ubuntu
# default
MAKE_VERSION := 4.1
# environment
USER = gnomy
# makefile
.DEFAULT_GOAL := output
# environment
XDG_CURRENT_DESKTOP = Unity
# environment
MANAGERPID = 2107
# automatic
%D = $(patsubst %/,%,$(dir $%))
# environment
CONDA_SHLVL = 1
# default
MAKE_COMMAND := make
# environment
VSCODE_NODE_CACHED_DATA_DIR = /home/gnomy/.config/Code/CachedData/cfa2e218100323074ac1948c885448fdf4de2a7f
# default
.VARIABLES := 
# automatic
*F = $(notdir $*)
# environment
LANGUAGE = en_US
# environment
XDG_SEAT_PATH = /org/freedesktop/DisplayManager/Seat0
# environment
VSCODE_IPC_HOOK = /run/user/1000/vscode-e762b4aa-1.56.0-main.sock
# makefile
MAKEFLAGS = pqrR
# environment
MFLAGS = -pqrR
# automatic
*D = $(patsubst %/,%,$(dir $*))
# environment
BREAKPAD_DUMP_LOCATION = /home/gnomy/.config/Code/exthost Crash Reports
# environment
GTK_CSD = 0
# environment
GDK_BACKEND = x11
# automatic
+F = $(notdir $+)
# environment
GTK2_MODULES = overlay-scrollbar
# environment
S_COLORS = auto
# environment
QT_ACCESSIBILITY = 1
# environment
COMPIZ_BIN_PATH = /usr/bin/
# environment
DEFAULTS_PATH = /usr/share/gconf/unity.default.path
# environment
VSCODE_PIPE_LOGGING = true
# environment
TEXTDOMAINDIR = /usr/share/locale/
# default
MAKEFILES := 
# automatic
<F = $(notdir $<)
# environment
ELECTRON_RUN_AS_NODE = 1
# environment
LC_ALL = C
# environment
CONDA_PYTHON_EXE = /home/gnomy/anaconda3/bin/python
# environment
QT4_IM_MODULE = xim
# automatic
^F = $(notdir $^)
# default
SUFFIXES := 
# environment
_CE_M = 
# environment
CHROME_DESKTOP = code-url-handler.desktop
# default
.INCLUDE_DIRS = /usr/include /usr/local/include /usr/include
# default
.RECIPEPREFIX := 
# environment
LANG = C
# environment
VSCODE_PID = 10054
# environment
_CE_CONDA = 
# variable set hash-table stats:
# Load=121/1024=12%, Rehash=0, Collisions=14/135=10%

# Pattern-specific Variable Values

# No pattern-specific variable values.

# Directories

# . (device 2049, inode 266284): 7 files, no impossibilities.

 
# 7 files, no impossibilities in 1 directories.

# Implicit Rules

# No implicit rules.

# Files

# Not a target:
all:
#  Command line target.
#  Implicit rule search has not been done.
#  Modification time never checked.
#  File has not been updated.

# Not a target:
Makefile:
#  Implicit rule search has not been done.
#  Modification time never checked.
#  File has not been updated.

# Not a target:
.DEFAULT:
#  Implicit rule search has not been done.
#  Modification time never checked.
#  File has not been updated.

# Not a target:
Main.o:
#  Implicit rule search has not been done.
#  Modification time never checked.
#  File has not been updated.

output: Main.o
#  Implicit rule search has not been done.
#  Modification time never checked.
#  File has not been updated.

# files hash-table stats:
# Load=6/1024=1%, Rehash=0, Collisions=0/8=0%
# VPATH Search Paths

# No 'vpath' search paths.

# No general ('VPATH' variable) search path.

# strcache buffers: 1 (0) / strings = 14 / storage = 118 B / avg = 8 B
# current buf: size = 8162 B / used = 118 B / count = 14 / avg = 8 B

# strcache performance: lookups = 19 / hit rate = 26%
# hash-table stats:
# Load=14/8192=0%, Rehash=0, Collisions=1/19=5%
# Finished Make data base on Mon Jul  5 15:02:11 2021

 
